<?xml version="1.0" encoding="UTF-8"?>
<testng-results ignored="0" total="2" passed="2" failed="0" skipped="0">
  <reporter-output>
    <line>
      <![CDATA[clicked on contacts link]]>
    </line>
    <line>
      <![CDATA[clicked on create contact look up image]]>
    </line>
    <line>
      <![CDATA[contact created successfully]]>
    </line>
    <line>
      <![CDATA[header captured]]>
    </line>
    <line>
      <![CDATA[Header validated]]>
    </line>
  </reporter-output>
  <suite started-at="2023-10-28T00:01:29 IST" name="Default suite" finished-at="2023-10-28T00:03:10 IST" duration-ms="101202">
    <groups>
      <group name="RegressionSuite">
        <method signature="CreateContactTest.createContact()[pri:0, instance:contactsTests.CreateContactTest@76494737]" name="createContact" class="contactsTests.CreateContactTest"/>
      </group> <!-- RegressionSuite -->
      <group name="SmokeSuite">
        <method signature="CreateContactTest.createContact()[pri:0, instance:contactsTests.CreateContactTest@76494737]" name="createContact" class="contactsTests.CreateContactTest"/>
      </group> <!-- SmokeSuite -->
    </groups>
    <test started-at="2023-10-28T00:01:29 IST" name="Default test" finished-at="2023-10-28T00:03:10 IST" duration-ms="101202">
      <class name="contactsTests.CreateContactTest">
        <test-method is-config="true" signature="bsConfig()[pri:0, instance:contactsTests.CreateContactTest@76494737]" started-at="2023-10-28T00:01:29 IST" name="bsConfig" finished-at="2023-10-28T00:01:29 IST" duration-ms="13" status="PASS">
          <reporter-output>
          </reporter-output>
        </test-method> <!-- bsConfig -->
        <test-method is-config="true" signature="bcConfig()[pri:0, instance:contactsTests.CreateContactTest@76494737]" started-at="2023-10-28T00:01:30 IST" name="bcConfig" finished-at="2023-10-28T00:02:21 IST" duration-ms="51883" status="PASS">
          <reporter-output>
          </reporter-output>
        </test-method> <!-- bcConfig -->
        <test-method is-config="true" signature="bmConfig()[pri:0, instance:contactsTests.CreateContactTest@76494737]" started-at="2023-10-28T00:02:21 IST" name="bmConfig" finished-at="2023-10-28T00:02:30 IST" duration-ms="8533" status="PASS">
          <reporter-output>
          </reporter-output>
        </test-method> <!-- bmConfig -->
        <test-method signature="createContact()[pri:0, instance:contactsTests.CreateContactTest@76494737]" started-at="2023-10-28T00:02:30 IST" name="createContact" finished-at="2023-10-28T00:02:58 IST" duration-ms="27803" status="PASS">
          <reporter-output>
            <line>
              <![CDATA[clicked on contacts link]]>
            </line>
            <line>
              <![CDATA[clicked on create contact look up image]]>
            </line>
            <line>
              <![CDATA[contact created successfully]]>
            </line>
            <line>
              <![CDATA[header captured]]>
            </line>
            <line>
              <![CDATA[Header validated]]>
            </line>
          </reporter-output>
        </test-method> <!-- createContact -->
        <test-method is-config="true" signature="amConfig()[pri:0, instance:contactsTests.CreateContactTest@76494737]" started-at="2023-10-28T00:02:58 IST" name="amConfig" finished-at="2023-10-28T00:03:03 IST" duration-ms="5178" status="PASS">
          <reporter-output>
          </reporter-output>
        </test-method> <!-- amConfig -->
        <test-method is-config="true" signature="bmConfig()[pri:0, instance:contactsTests.CreateContactTest@76494737]" started-at="2023-10-28T00:03:03 IST" name="bmConfig" finished-at="2023-10-28T00:03:06 IST" duration-ms="2998" status="PASS">
          <reporter-output>
          </reporter-output>
        </test-method> <!-- bmConfig -->
        <test-method signature="demo()[pri:0, instance:contactsTests.CreateContactTest@76494737]" started-at="2023-10-28T00:03:06 IST" name="demo" finished-at="2023-10-28T00:03:06 IST" duration-ms="7" status="PASS">
          <reporter-output>
          </reporter-output>
        </test-method> <!-- demo -->
        <test-method is-config="true" signature="amConfig()[pri:0, instance:contactsTests.CreateContactTest@76494737]" started-at="2023-10-28T00:03:06 IST" name="amConfig" finished-at="2023-10-28T00:03:10 IST" duration-ms="4090" status="PASS">
          <reporter-output>
          </reporter-output>
        </test-method> <!-- amConfig -->
        <test-method is-config="true" signature="acConfig()[pri:0, instance:contactsTests.CreateContactTest@76494737]" started-at="2023-10-28T00:03:10 IST" name="acConfig" finished-at="2023-10-28T00:03:10 IST" duration-ms="291" status="PASS">
          <reporter-output>
          </reporter-output>
        </test-method> <!-- acConfig -->
        <test-method is-config="true" signature="asConfig()[pri:0, instance:contactsTests.CreateContactTest@76494737]" started-at="2023-10-28T00:03:11 IST" name="asConfig" finished-at="2023-10-28T00:03:11 IST" duration-ms="1" status="PASS">
          <reporter-output>
          </reporter-output>
        </test-method> <!-- asConfig -->
      </class> <!-- contactsTests.CreateContactTest -->
    </test> <!-- Default test -->
  </suite> <!-- Default suite -->
</testng-results>
